<?xml version="1.0" encoding="UTF-8"?>
<!-- Generated by org.testng.reporters.JUnitReportReporter -->
<testsuite skipped="0" hostname="DCKAQOC-033" name="tests.ToDo_AndroidVD" tests="2" failures="0" timestamp="27 Jan 2023 12:50:52 GMT" time="77.094" errors="0">
  <testcase name="test_add_task" time="33.314" classname="tests.ToDo_AndroidVD"/>
  <testcase name="test_add_task" time="43.780" classname="tests.ToDo_AndroidVD"/>
</testsuite> <!-- tests.ToDo_AndroidVD -->
