<?xml version="1.0" encoding="UTF-8"?>
<!-- Generated by org.testng.reporters.JUnitReportReporter -->
<testsuite skipped="0" hostname="DCKAQOC-033" name="tests.ParallelTest" tests="2" failures="0" timestamp="06 Feb 2023 08:13:27 GMT" time="60.155" errors="0">
  <testcase name="virtualdevice" time="28.728" classname="tests.ParallelTest"/>
  <testcase name="realdevice" time="31.427" classname="tests.ParallelTest"/>
</testsuite> <!-- tests.ParallelTest -->
