<?xml version="1.0" encoding="UTF-8"?>
<!-- Generated by org.testng.reporters.JUnitReportReporter -->
<testsuite skipped="0" hostname="DCKAQOC-033" name="tests.PageObjectTestCase" tests="1" failures="0" timestamp="25 Jan 2023 13:10:58 GMT" time="15.875" errors="0">
  <testcase name="pageObjectTestCase" time="15.875" classname="tests.PageObjectTestCase"/>
</testsuite> <!-- tests.PageObjectTestCase -->
