<?xml version="1.0" encoding="UTF-8"?>
<!-- Generated by org.testng.reporters.JUnitReportReporter -->
<testsuite skipped="0" hostname="DCKAQOC-033" name="tests.ToDo_Android" tests="4" failures="0" timestamp="06 Feb 2023 13:19:31 GMT" time="123.333" errors="0">
  <testcase name="test_add_task2" time="36.894" classname="tests.ToDo_Android"/>
  <testcase name="test_add_task2" time="30.404" classname="tests.ToDo_Android"/>
  <testcase name="test_add_task" time="31.621" classname="tests.ToDo_Android"/>
  <testcase name="test_add_task" time="24.414" classname="tests.ToDo_Android"/>
</testsuite> <!-- tests.ToDo_Android -->
