<?xml version="1.0" encoding="UTF-8"?>
<!-- Generated by org.testng.reporters.JUnitReportReporter -->
<testsuite skipped="0" hostname="DCKAQOC-033" name="tests.PageObjectTestCaseVD" tests="1" failures="0" timestamp="25 Jan 2023 13:14:18 GMT" time="18.395" errors="0">
  <testcase name="pageObjectTestCase" time="18.395" classname="tests.PageObjectTestCaseVD"/>
</testsuite> <!-- tests.PageObjectTestCaseVD -->
